{"C:\\WorkSpace\\Sistema de Recompensas de la Marina\\bounty-api\\src\\app.controller.ts": {"path":"C:\\WorkSpace\\Sistema de Recompensas de la Marina\\bounty-api\\src\\app.controller.ts","statementMap":{"0":{"start":{"line":1,"column":0},"end":{"line":1,"column":49}},"1":{"start":{"line":2,"column":0},"end":{"line":2,"column":43}},"2":{"start":{"line":5,"column":7},"end":{"line":12,"column":null}},"3":{"start":{"line":6,"column":31},"end":{"line":6,"column":43}},"4":{"start":{"line":10,"column":4},"end":{"line":10,"column":38}},"5":{"start":{"line":5,"column":13},"end":{"line":5,"column":26}},"6":{"start":{"line":9,"column":2},"end":{"line":11,"column":null}},"7":{"start":{"line":5,"column":13},"end":{"line":12,"column":null}}},"fnMap":{"0":{"name":"(anonymous_2)","decl":{"start":{"line":6,"column":2},"end":{"line":6,"column":31}},"loc":{"start":{"line":6,"column":53},"end":{"line":6,"column":57}}},"1":{"name":"(anonymous_3)","decl":{"start":{"line":9,"column":2},"end":{"line":9,"column":10}},"loc":{"start":{"line":9,"column":10},"end":{"line":11,"column":3}}}},"branchMap":{"0":{"loc":{"start":{"line":6,"column":43},"end":{"line":6,"column":56}},"type":"cond-expr","locations":[{"start":{"line":6,"column":53},"end":{"line":6,"column":56}},{"start":{"line":6,"column":53},"end":{"line":6,"column":56}}]},"1":{"loc":{"start":{"line":6,"column":43},"end":{"line":6,"column":53}},"type":"binary-expr","locations":[{"start":{"line":6,"column":43},"end":{"line":6,"column":56}},{"start":{"line":6,"column":43},"end":{"line":6,"column":53}}]}},"s":{"0":1,"1":1,"2":1,"3":1,"4":1,"5":1,"6":1,"7":1},"f":{"0":1,"1":1},"b":{"0":[1,0],"1":[1,1]}}
,"C:\\WorkSpace\\Sistema de Recompensas de la Marina\\bounty-api\\src\\app.module.ts": {"path":"C:\\WorkSpace\\Sistema de Recompensas de la Marina\\bounty-api\\src\\app.module.ts","statementMap":{"0":{"start":{"line":1,"column":0},"end":{"line":1,"column":40}},"1":{"start":{"line":2,"column":0},"end":{"line":2,"column":50}},"2":{"start":{"line":3,"column":0},"end":{"line":3,"column":61}},"3":{"start":{"line":4,"column":0},"end":{"line":4,"column":57}},"4":{"start":{"line":5,"column":0},"end":{"line":5,"column":60}},"5":{"start":{"line":23,"column":7},"end":{"line":23,"column":null}},"6":{"start":{"line":23,"column":13},"end":{"line":23,"column":22}},"7":{"start":{"line":23,"column":13},"end":{"line":23,"column":null}},"8":{"start":{"line":14,"column":59},"end":{"line":16,"column":8}}},"fnMap":{"0":{"name":"(anonymous_1)","decl":{"start":{"line":14,"column":18},"end":{"line":14,"column":23}},"loc":{"start":{"line":14,"column":59},"end":{"line":16,"column":8}}}},"branchMap":{},"s":{"0":0,"1":0,"2":0,"3":0,"4":0,"5":0,"6":0,"7":0,"8":0},"f":{"0":0},"b":{}}
,"C:\\WorkSpace\\Sistema de Recompensas de la Marina\\bounty-api\\src\\app.service.ts": {"path":"C:\\WorkSpace\\Sistema de Recompensas de la Marina\\bounty-api\\src\\app.service.ts","statementMap":{"0":{"start":{"line":1,"column":0},"end":{"line":1,"column":44}},"1":{"start":{"line":4,"column":7},"end":{"line":8,"column":null}},"2":{"start":{"line":6,"column":4},"end":{"line":6,"column":26}},"3":{"start":{"line":4,"column":13},"end":{"line":4,"column":23}},"4":{"start":{"line":4,"column":13},"end":{"line":8,"column":null}}},"fnMap":{"0":{"name":"(anonymous_1)","decl":{"start":{"line":5,"column":2},"end":{"line":5,"column":10}},"loc":{"start":{"line":5,"column":10},"end":{"line":7,"column":3}}}},"branchMap":{},"s":{"0":1,"1":1,"2":1,"3":1,"4":1},"f":{"0":1},"b":{}}
,"C:\\WorkSpace\\Sistema de Recompensas de la Marina\\bounty-api\\src\\main.ts": {"path":"C:\\WorkSpace\\Sistema de Recompensas de la Marina\\bounty-api\\src\\main.ts","statementMap":{"0":{"start":{"line":1,"column":0},"end":{"line":1,"column":43}},"1":{"start":{"line":2,"column":0},"end":{"line":2,"column":48}},"2":{"start":{"line":3,"column":0},"end":{"line":3,"column":41}},"3":{"start":{"line":6,"column":14},"end":{"line":6,"column":49}},"4":{"start":{"line":9,"column":2},"end":{"line":13,"column":6}},"5":{"start":{"line":15,"column":2},"end":{"line":15,"column":19}},"6":{"start":{"line":17,"column":2},"end":{"line":17,"column":25}},"7":{"start":{"line":18,"column":2},"end":{"line":18,"column":59}},"8":{"start":{"line":20,"column":0},"end":{"line":20,"column":12}}},"fnMap":{"0":{"name":"bootstrap","decl":{"start":{"line":5,"column":15},"end":{"line":5,"column":24}},"loc":{"start":{"line":5,"column":24},"end":{"line":19,"column":1}}}},"branchMap":{},"s":{"0":0,"1":0,"2":0,"3":0,"4":0,"5":0,"6":0,"7":0,"8":0},"f":{"0":0},"b":{}}
,"C:\\WorkSpace\\Sistema de Recompensas de la Marina\\bounty-api\\src\\bounties\\bounties.controller.ts": {"path":"C:\\WorkSpace\\Sistema de Recompensas de la Marina\\bounty-api\\src\\bounties\\bounties.controller.ts","statementMap":{"0":{"start":{"line":1,"column":0},"end":{"line":1,"column":83}},"1":{"start":{"line":2,"column":0},"end":{"line":2,"column":53}},"2":{"start":{"line":3,"column":0},"end":{"line":3,"column":58}},"3":{"start":{"line":4,"column":0},"end":{"line":4,"column":58}},"4":{"start":{"line":7,"column":7},"end":{"line":39,"column":null}},"5":{"start":{"line":8,"column":31},"end":{"line":8,"column":48}},"6":{"start":{"line":12,"column":4},"end":{"line":12,"column":56}},"7":{"start":{"line":17,"column":4},"end":{"line":17,"column":42}},"8":{"start":{"line":22,"column":4},"end":{"line":22,"column":45}},"9":{"start":{"line":27,"column":4},"end":{"line":27,"column":44}},"10":{"start":{"line":32,"column":4},"end":{"line":32,"column":60}},"11":{"start":{"line":37,"column":4},"end":{"line":37,"column":43}},"12":{"start":{"line":7,"column":13},"end":{"line":7,"column":31}},"13":{"start":{"line":11,"column":2},"end":{"line":13,"column":null}},"14":{"start":{"line":16,"column":2},"end":{"line":18,"column":null}},"15":{"start":{"line":21,"column":2},"end":{"line":23,"column":null}},"16":{"start":{"line":26,"column":2},"end":{"line":28,"column":null}},"17":{"start":{"line":31,"column":2},"end":{"line":33,"column":null}},"18":{"start":{"line":36,"column":2},"end":{"line":38,"column":null}},"19":{"start":{"line":7,"column":13},"end":{"line":39,"column":null}}},"fnMap":{"0":{"name":"(anonymous_4)","decl":{"start":{"line":8,"column":2},"end":{"line":8,"column":31}},"loc":{"start":{"line":8,"column":63},"end":{"line":8,"column":67}}},"1":{"name":"(anonymous_5)","decl":{"start":{"line":11,"column":2},"end":{"line":11,"column":8}},"loc":{"start":{"line":11,"column":49},"end":{"line":13,"column":3}}},"2":{"name":"(anonymous_6)","decl":{"start":{"line":16,"column":2},"end":{"line":16,"column":9}},"loc":{"start":{"line":16,"column":9},"end":{"line":18,"column":3}}},"3":{"name":"(anonymous_7)","decl":{"start":{"line":21,"column":2},"end":{"line":21,"column":12}},"loc":{"start":{"line":21,"column":12},"end":{"line":23,"column":3}}},"4":{"name":"(anonymous_8)","decl":{"start":{"line":26,"column":2},"end":{"line":26,"column":9}},"loc":{"start":{"line":26,"column":33},"end":{"line":28,"column":3}}},"5":{"name":"(anonymous_9)","decl":{"start":{"line":31,"column":2},"end":{"line":31,"column":8}},"loc":{"start":{"line":31,"column":74},"end":{"line":33,"column":3}}},"6":{"name":"(anonymous_10)","decl":{"start":{"line":36,"column":2},"end":{"line":36,"column":8}},"loc":{"start":{"line":36,"column":32},"end":{"line":38,"column":3}}}},"branchMap":{"0":{"loc":{"start":{"line":11,"column":34},"end":{"line":11,"column":null}},"type":"cond-expr","locations":[{"start":{"line":11,"column":49},"end":{"line":11,"column":null}},{"start":{"line":11,"column":49},"end":{"line":11,"column":null}}]},"1":{"loc":{"start":{"line":11,"column":34},"end":{"line":11,"column":49}},"type":"binary-expr","locations":[{"start":{"line":11,"column":34},"end":{"line":11,"column":null}},{"start":{"line":11,"column":34},"end":{"line":11,"column":49}}]},"2":{"loc":{"start":{"line":31,"column":59},"end":{"line":31,"column":null}},"type":"cond-expr","locations":[{"start":{"line":31,"column":74},"end":{"line":31,"column":null}},{"start":{"line":31,"column":74},"end":{"line":31,"column":null}}]},"3":{"loc":{"start":{"line":31,"column":59},"end":{"line":31,"column":74}},"type":"binary-expr","locations":[{"start":{"line":31,"column":59},"end":{"line":31,"column":null}},{"start":{"line":31,"column":59},"end":{"line":31,"column":74}}]},"4":{"loc":{"start":{"line":8,"column":48},"end":{"line":8,"column":66}},"type":"cond-expr","locations":[{"start":{"line":8,"column":63},"end":{"line":8,"column":66}},{"start":{"line":8,"column":63},"end":{"line":8,"column":66}}]},"5":{"loc":{"start":{"line":8,"column":48},"end":{"line":8,"column":63}},"type":"binary-expr","locations":[{"start":{"line":8,"column":48},"end":{"line":8,"column":66}},{"start":{"line":8,"column":48},"end":{"line":8,"column":63}}]}},"s":{"0":1,"1":1,"2":1,"3":1,"4":1,"5":4,"6":1,"7":1,"8":1,"9":0,"10":0,"11":0,"12":1,"13":1,"14":1,"15":1,"16":1,"17":1,"18":1,"19":1},"f":{"0":4,"1":1,"2":1,"3":1,"4":0,"5":0,"6":0},"b":{"0":[1,0],"1":[1,1],"2":[1,0],"3":[1,1],"4":[1,0],"5":[1,1]}}
,"C:\\WorkSpace\\Sistema de Recompensas de la Marina\\bounty-api\\src\\bounties\\bounties.module.ts": {"path":"C:\\WorkSpace\\Sistema de Recompensas de la Marina\\bounty-api\\src\\bounties\\bounties.module.ts","statementMap":{"0":{"start":{"line":1,"column":0},"end":{"line":1,"column":40}},"1":{"start":{"line":2,"column":0},"end":{"line":2,"column":50}},"2":{"start":{"line":3,"column":0},"end":{"line":3,"column":53}},"3":{"start":{"line":4,"column":0},"end":{"line":4,"column":59}},"4":{"start":{"line":5,"column":0},"end":{"line":5,"column":63}},"5":{"start":{"line":6,"column":0},"end":{"line":6,"column":58}},"6":{"start":{"line":16,"column":7},"end":{"line":16,"column":null}},"7":{"start":{"line":16,"column":13},"end":{"line":16,"column":27}},"8":{"start":{"line":16,"column":13},"end":{"line":16,"column":null}}},"fnMap":{},"branchMap":{},"s":{"0":0,"1":0,"2":0,"3":0,"4":0,"5":0,"6":0,"7":0,"8":0},"f":{},"b":{}}
,"C:\\WorkSpace\\Sistema de Recompensas de la Marina\\bounty-api\\src\\bounties\\bounties.service.ts": {"path":"C:\\WorkSpace\\Sistema de Recompensas de la Marina\\bounty-api\\src\\bounties\\bounties.service.ts","statementMap":{"0":{"start":{"line":1,"column":0},"end":{"line":1,"column":63}},"1":{"start":{"line":2,"column":0},"end":{"line":2,"column":47}},"2":{"start":{"line":3,"column":0},"end":{"line":3,"column":33}},"3":{"start":{"line":4,"column":0},"end":{"line":4,"column":49}},"4":{"start":{"line":9,"column":7},"end":{"line":60,"column":null}},"5":{"start":{"line":11,"column":38},"end":{"line":11,"column":51}},"6":{"start":{"line":15,"column":22},"end":{"line":15,"column":59}},"7":{"start":{"line":16,"column":4},"end":{"line":16,"column":34}},"8":{"start":{"line":20,"column":4},"end":{"line":22,"column":14}},"9":{"start":{"line":26,"column":4},"end":{"line":28,"column":14}},"10":{"start":{"line":32,"column":19},"end":{"line":34,"column":13}},"11":{"start":{"line":35,"column":4},"end":{"line":37,"column":5}},"12":{"start":{"line":36,"column":6},"end":{"line":36,"column":75}},"13":{"start":{"line":38,"column":4},"end":{"line":38,"column":18}},"14":{"start":{"line":42,"column":26},"end":{"line":45,"column":13}},"15":{"start":{"line":47,"column":4},"end":{"line":49,"column":5}},"16":{"start":{"line":48,"column":6},"end":{"line":48,"column":75}},"17":{"start":{"line":50,"column":4},"end":{"line":50,"column":25}},"18":{"start":{"line":54,"column":26},"end":{"line":54,"column":77}},"19":{"start":{"line":55,"column":4},"end":{"line":57,"column":5}},"20":{"start":{"line":56,"column":6},"end":{"line":56,"column":75}},"21":{"start":{"line":58,"column":4},"end":{"line":58,"column":25}},"22":{"start":{"line":9,"column":13},"end":{"line":9,"column":28}},"23":{"start":{"line":9,"column":13},"end":{"line":60,"column":null}}},"fnMap":{"0":{"name":"(anonymous_4)","decl":{"start":{"line":10,"column":2},"end":{"line":10,"column":null}},"loc":{"start":{"line":11,"column":64},"end":{"line":12,"column":6}}},"1":{"name":"(anonymous_5)","decl":{"start":{"line":14,"column":2},"end":{"line":14,"column":7}},"loc":{"start":{"line":14,"column":47},"end":{"line":17,"column":3}}},"2":{"name":"(anonymous_6)","decl":{"start":{"line":19,"column":2},"end":{"line":19,"column":7}},"loc":{"start":{"line":19,"column":15},"end":{"line":23,"column":3}}},"3":{"name":"(anonymous_7)","decl":{"start":{"line":25,"column":2},"end":{"line":25,"column":7}},"loc":{"start":{"line":25,"column":18},"end":{"line":29,"column":3}}},"4":{"name":"(anonymous_8)","decl":{"start":{"line":31,"column":2},"end":{"line":31,"column":7}},"loc":{"start":{"line":31,"column":26},"end":{"line":39,"column":3}}},"5":{"name":"(anonymous_9)","decl":{"start":{"line":41,"column":2},"end":{"line":41,"column":7}},"loc":{"start":{"line":41,"column":59},"end":{"line":51,"column":3}}},"6":{"name":"(anonymous_10)","decl":{"start":{"line":53,"column":2},"end":{"line":53,"column":7}},"loc":{"start":{"line":53,"column":25},"end":{"line":59,"column":3}}}},"branchMap":{"0":{"loc":{"start":{"line":35,"column":4},"end":{"line":37,"column":5}},"type":"if","locations":[{"start":{"line":35,"column":4},"end":{"line":37,"column":5}},{"start":{},"end":{}}]},"1":{"loc":{"start":{"line":47,"column":4},"end":{"line":49,"column":5}},"type":"if","locations":[{"start":{"line":47,"column":4},"end":{"line":49,"column":5}},{"start":{},"end":{}}]},"2":{"loc":{"start":{"line":55,"column":4},"end":{"line":57,"column":5}},"type":"if","locations":[{"start":{"line":55,"column":4},"end":{"line":57,"column":5}},{"start":{},"end":{}}]},"3":{"loc":{"start":{"line":11,"column":51},"end":{"line":11,"column":64}},"type":"cond-expr","locations":[{"start":{"line":11,"column":56},"end":{"line":11,"column":64}},{"start":{"line":11,"column":56},"end":{"line":11,"column":64}}]},"4":{"loc":{"start":{"line":11,"column":51},"end":{"line":11,"column":56}},"type":"binary-expr","locations":[{"start":{"line":11,"column":51},"end":{"line":11,"column":64}},{"start":{"line":11,"column":51},"end":{"line":11,"column":56}}]}},"s":{"0":2,"1":2,"2":2,"3":2,"4":2,"5":3,"6":0,"7":0,"8":1,"9":0,"10":1,"11":1,"12":1,"13":0,"14":0,"15":0,"16":0,"17":0,"18":0,"19":0,"20":0,"21":0,"22":2,"23":2},"f":{"0":3,"1":0,"2":1,"3":0,"4":1,"5":0,"6":0},"b":{"0":[1,0],"1":[0,0],"2":[0,0],"3":[2,0],"4":[2,2]}}
,"C:\\WorkSpace\\Sistema de Recompensas de la Marina\\bounty-api\\src\\bounties\\dto\\create-bounty.dto.ts": {"path":"C:\\WorkSpace\\Sistema de Recompensas de la Marina\\bounty-api\\src\\bounties\\dto\\create-bounty.dto.ts","statementMap":{"0":{"start":{"line":1,"column":0},"end":{"line":1,"column":81}},"1":{"start":{"line":3,"column":0},"end":{"line":3,"column":null}},"2":{"start":{"line":4,"column":2},"end":{"line":4,"column":null}},"3":{"start":{"line":5,"column":2},"end":{"line":5,"column":null}},"4":{"start":{"line":8,"column":0},"end":{"line":8,"column":13}},"5":{"start":{"line":12,"column":2},"end":{"line":12,"column":null}},"6":{"start":{"line":16,"column":2},"end":{"line":16,"column":null}},"7":{"start":{"line":20,"column":2},"end":{"line":20,"column":null}}},"fnMap":{"0":{"name":"(anonymous_2)","decl":{"start":{"line":3,"column":0},"end":{"line":3,"column":12}},"loc":{"start":{"line":3,"column":24},"end":{"line":6,"column":1}}}},"branchMap":{"0":{"loc":{"start":{"line":3,"column":12},"end":{"line":3,"column":null}},"type":"binary-expr","locations":[{"start":{"line":3,"column":12},"end":{"line":3,"column":24}},{"start":{"line":3,"column":24},"end":{"line":3,"column":null}}]}},"s":{"0":1,"1":1,"2":1,"3":1,"4":1,"5":1,"6":1,"7":1},"f":{"0":1},"b":{"0":[1,1]}}
,"C:\\WorkSpace\\Sistema de Recompensas de la Marina\\bounty-api\\src\\bounties\\dto\\update-bounty.dto.ts": {"path":"C:\\WorkSpace\\Sistema de Recompensas de la Marina\\bounty-api\\src\\bounties\\dto\\update-bounty.dto.ts","statementMap":{"0":{"start":{"line":1,"column":0},"end":{"line":1,"column":51}},"1":{"start":{"line":2,"column":0},"end":{"line":2,"column":54}},"2":{"start":{"line":4,"column":0},"end":{"line":4,"column":13}}},"fnMap":{},"branchMap":{},"s":{"0":1,"1":1,"2":1},"f":{},"b":{}}
,"C:\\WorkSpace\\Sistema de Recompensas de la Marina\\bounty-api\\src\\bounties\\entities\\bounty.entity.ts": {"path":"C:\\WorkSpace\\Sistema de Recompensas de la Marina\\bounty-api\\src\\bounties\\entities\\bounty.entity.ts","statementMap":{"0":{"start":{"line":1,"column":0},"end":{"line":1,"column":13}}},"fnMap":{},"branchMap":{},"s":{"0":0},"f":{},"b":{}}
,"C:\\WorkSpace\\Sistema de Recompensas de la Marina\\bounty-api\\src\\bounties\\schemas\\bounty.schema.ts": {"path":"C:\\WorkSpace\\Sistema de Recompensas de la Marina\\bounty-api\\src\\bounties\\schemas\\bounty.schema.ts","statementMap":{"0":{"start":{"line":1,"column":0},"end":{"line":1,"column":63}},"1":{"start":{"line":2,"column":0},"end":{"line":2,"column":43}},"2":{"start":{"line":8,"column":7},"end":{"line":21,"column":null}},"3":{"start":{"line":8,"column":13},"end":{"line":8,"column":19}},"4":{"start":{"line":10,"column":2},"end":{"line":10,"column":null}},"5":{"start":{"line":17,"column":2},"end":{"line":17,"column":null}},"6":{"start":{"line":20,"column":2},"end":{"line":20,"column":null}},"7":{"start":{"line":8,"column":13},"end":{"line":21,"column":null}},"8":{"start":{"line":23,"column":13},"end":{"line":23,"column":65}}},"fnMap":{},"branchMap":{},"s":{"0":2,"1":2,"2":2,"3":2,"4":2,"5":2,"6":2,"7":2,"8":2},"f":{},"b":{}}
,"C:\\WorkSpace\\Sistema de Recompensas de la Marina\\bounty-api\\src\\pirates\\pirates.controller.ts": {"path":"C:\\WorkSpace\\Sistema de Recompensas de la Marina\\bounty-api\\src\\pirates\\pirates.controller.ts","statementMap":{"0":{"start":{"line":1,"column":0},"end":{"line":1,"column":76}},"1":{"start":{"line":2,"column":0},"end":{"line":2,"column":51}},"2":{"start":{"line":3,"column":0},"end":{"line":3,"column":58}},"3":{"start":{"line":6,"column":7},"end":{"line":28,"column":null}},"4":{"start":{"line":7,"column":31},"end":{"line":7,"column":47}},"5":{"start":{"line":11,"column":4},"end":{"line":11,"column":55}},"6":{"start":{"line":16,"column":4},"end":{"line":16,"column":41}},"7":{"start":{"line":21,"column":4},"end":{"line":21,"column":43}},"8":{"start":{"line":26,"column":4},"end":{"line":26,"column":42}},"9":{"start":{"line":6,"column":13},"end":{"line":6,"column":30}},"10":{"start":{"line":10,"column":2},"end":{"line":12,"column":null}},"11":{"start":{"line":15,"column":2},"end":{"line":17,"column":null}},"12":{"start":{"line":20,"column":2},"end":{"line":22,"column":null}},"13":{"start":{"line":25,"column":2},"end":{"line":27,"column":null}},"14":{"start":{"line":6,"column":13},"end":{"line":28,"column":null}}},"fnMap":{"0":{"name":"(anonymous_4)","decl":{"start":{"line":7,"column":2},"end":{"line":7,"column":31}},"loc":{"start":{"line":7,"column":61},"end":{"line":7,"column":65}}},"1":{"name":"(anonymous_5)","decl":{"start":{"line":10,"column":2},"end":{"line":10,"column":8}},"loc":{"start":{"line":10,"column":49},"end":{"line":12,"column":3}}},"2":{"name":"(anonymous_6)","decl":{"start":{"line":15,"column":2},"end":{"line":15,"column":9}},"loc":{"start":{"line":15,"column":9},"end":{"line":17,"column":3}}},"3":{"name":"(anonymous_7)","decl":{"start":{"line":20,"column":2},"end":{"line":20,"column":9}},"loc":{"start":{"line":20,"column":33},"end":{"line":22,"column":3}}},"4":{"name":"(anonymous_8)","decl":{"start":{"line":25,"column":2},"end":{"line":25,"column":8}},"loc":{"start":{"line":25,"column":32},"end":{"line":27,"column":3}}}},"branchMap":{"0":{"loc":{"start":{"line":10,"column":34},"end":{"line":10,"column":null}},"type":"cond-expr","locations":[{"start":{"line":10,"column":49},"end":{"line":10,"column":null}},{"start":{"line":10,"column":49},"end":{"line":10,"column":null}}]},"1":{"loc":{"start":{"line":10,"column":34},"end":{"line":10,"column":49}},"type":"binary-expr","locations":[{"start":{"line":10,"column":34},"end":{"line":10,"column":null}},{"start":{"line":10,"column":34},"end":{"line":10,"column":49}}]},"2":{"loc":{"start":{"line":7,"column":47},"end":{"line":7,"column":64}},"type":"cond-expr","locations":[{"start":{"line":7,"column":61},"end":{"line":7,"column":64}},{"start":{"line":7,"column":61},"end":{"line":7,"column":64}}]},"3":{"loc":{"start":{"line":7,"column":47},"end":{"line":7,"column":61}},"type":"binary-expr","locations":[{"start":{"line":7,"column":47},"end":{"line":7,"column":64}},{"start":{"line":7,"column":47},"end":{"line":7,"column":61}}]}},"s":{"0":1,"1":1,"2":1,"3":1,"4":3,"5":1,"6":1,"7":0,"8":0,"9":1,"10":1,"11":1,"12":1,"13":1,"14":1},"f":{"0":3,"1":1,"2":1,"3":0,"4":0},"b":{"0":[1,0],"1":[1,1],"2":[1,0],"3":[1,1]}}
,"C:\\WorkSpace\\Sistema de Recompensas de la Marina\\bounty-api\\src\\pirates\\pirates.module.ts": {"path":"C:\\WorkSpace\\Sistema de Recompensas de la Marina\\bounty-api\\src\\pirates\\pirates.module.ts","statementMap":{"0":{"start":{"line":1,"column":0},"end":{"line":1,"column":40}},"1":{"start":{"line":2,"column":0},"end":{"line":2,"column":50}},"2":{"start":{"line":3,"column":0},"end":{"line":3,"column":51}},"3":{"start":{"line":4,"column":0},"end":{"line":4,"column":57}},"4":{"start":{"line":5,"column":0},"end":{"line":5,"column":63}},"5":{"start":{"line":15,"column":7},"end":{"line":15,"column":null}},"6":{"start":{"line":15,"column":13},"end":{"line":15,"column":26}},"7":{"start":{"line":15,"column":13},"end":{"line":15,"column":null}}},"fnMap":{},"branchMap":{},"s":{"0":0,"1":0,"2":0,"3":0,"4":0,"5":0,"6":0,"7":0},"f":{},"b":{}}
,"C:\\WorkSpace\\Sistema de Recompensas de la Marina\\bounty-api\\src\\pirates\\pirates.service.ts": {"path":"C:\\WorkSpace\\Sistema de Recompensas de la Marina\\bounty-api\\src\\pirates\\pirates.service.ts","statementMap":{"0":{"start":{"line":1,"column":0},"end":{"line":1,"column":63}},"1":{"start":{"line":2,"column":0},"end":{"line":2,"column":47}},"2":{"start":{"line":3,"column":0},"end":{"line":3,"column":33}},"3":{"start":{"line":4,"column":0},"end":{"line":4,"column":49}},"4":{"start":{"line":8,"column":7},"end":{"line":37,"column":null}},"5":{"start":{"line":10,"column":38},"end":{"line":10,"column":51}},"6":{"start":{"line":14,"column":22},"end":{"line":14,"column":59}},"7":{"start":{"line":15,"column":4},"end":{"line":15,"column":34}},"8":{"start":{"line":19,"column":4},"end":{"line":19,"column":48}},"9":{"start":{"line":23,"column":19},"end":{"line":23,"column":61}},"10":{"start":{"line":24,"column":4},"end":{"line":26,"column":5}},"11":{"start":{"line":25,"column":6},"end":{"line":25,"column":71}},"12":{"start":{"line":27,"column":4},"end":{"line":27,"column":18}},"13":{"start":{"line":31,"column":26},"end":{"line":31,"column":77}},"14":{"start":{"line":32,"column":4},"end":{"line":34,"column":5}},"15":{"start":{"line":33,"column":6},"end":{"line":33,"column":71}},"16":{"start":{"line":35,"column":4},"end":{"line":35,"column":25}},"17":{"start":{"line":8,"column":13},"end":{"line":8,"column":27}},"18":{"start":{"line":8,"column":13},"end":{"line":37,"column":null}}},"fnMap":{"0":{"name":"(anonymous_4)","decl":{"start":{"line":9,"column":2},"end":{"line":9,"column":null}},"loc":{"start":{"line":10,"column":64},"end":{"line":11,"column":6}}},"1":{"name":"(anonymous_5)","decl":{"start":{"line":13,"column":2},"end":{"line":13,"column":7}},"loc":{"start":{"line":13,"column":47},"end":{"line":16,"column":3}}},"2":{"name":"(anonymous_6)","decl":{"start":{"line":18,"column":2},"end":{"line":18,"column":7}},"loc":{"start":{"line":18,"column":15},"end":{"line":20,"column":3}}},"3":{"name":"(anonymous_7)","decl":{"start":{"line":22,"column":2},"end":{"line":22,"column":7}},"loc":{"start":{"line":22,"column":26},"end":{"line":28,"column":3}}},"4":{"name":"(anonymous_8)","decl":{"start":{"line":30,"column":2},"end":{"line":30,"column":7}},"loc":{"start":{"line":30,"column":25},"end":{"line":36,"column":3}}}},"branchMap":{"0":{"loc":{"start":{"line":24,"column":4},"end":{"line":26,"column":5}},"type":"if","locations":[{"start":{"line":24,"column":4},"end":{"line":26,"column":5}},{"start":{},"end":{}}]},"1":{"loc":{"start":{"line":32,"column":4},"end":{"line":34,"column":5}},"type":"if","locations":[{"start":{"line":32,"column":4},"end":{"line":34,"column":5}},{"start":{},"end":{}}]},"2":{"loc":{"start":{"line":10,"column":51},"end":{"line":10,"column":64}},"type":"cond-expr","locations":[{"start":{"line":10,"column":56},"end":{"line":10,"column":64}},{"start":{"line":10,"column":56},"end":{"line":10,"column":64}}]},"3":{"loc":{"start":{"line":10,"column":51},"end":{"line":10,"column":56}},"type":"binary-expr","locations":[{"start":{"line":10,"column":51},"end":{"line":10,"column":64}},{"start":{"line":10,"column":51},"end":{"line":10,"column":56}}]}},"s":{"0":2,"1":2,"2":2,"3":2,"4":2,"5":4,"6":0,"7":0,"8":1,"9":2,"10":2,"11":1,"12":1,"13":0,"14":0,"15":0,"16":0,"17":2,"18":2},"f":{"0":4,"1":0,"2":1,"3":2,"4":0},"b":{"0":[1,1],"1":[0,0],"2":[2,0],"3":[2,2]}}
,"C:\\WorkSpace\\Sistema de Recompensas de la Marina\\bounty-api\\src\\pirates\\dto\\create-pirate.dto.ts": {"path":"C:\\WorkSpace\\Sistema de Recompensas de la Marina\\bounty-api\\src\\pirates\\dto\\create-pirate.dto.ts","statementMap":{"0":{"start":{"line":1,"column":0},"end":{"line":1,"column":78}},"1":{"start":{"line":3,"column":0},"end":{"line":3,"column":13}},"2":{"start":{"line":6,"column":2},"end":{"line":6,"column":null}},"3":{"start":{"line":10,"column":2},"end":{"line":10,"column":null}},"4":{"start":{"line":14,"column":2},"end":{"line":14,"column":null}}},"fnMap":{},"branchMap":{},"s":{"0":1,"1":1,"2":1,"3":1,"4":1},"f":{},"b":{}}
,"C:\\WorkSpace\\Sistema de Recompensas de la Marina\\bounty-api\\src\\pirates\\dto\\update-pirate.dto.ts": {"path":"C:\\WorkSpace\\Sistema de Recompensas de la Marina\\bounty-api\\src\\pirates\\dto\\update-pirate.dto.ts","statementMap":{"0":{"start":{"line":1,"column":0},"end":{"line":1,"column":51}},"1":{"start":{"line":2,"column":0},"end":{"line":2,"column":54}},"2":{"start":{"line":4,"column":0},"end":{"line":4,"column":13}}},"fnMap":{},"branchMap":{},"s":{"0":0,"1":0,"2":0},"f":{},"b":{}}
,"C:\\WorkSpace\\Sistema de Recompensas de la Marina\\bounty-api\\src\\pirates\\entities\\pirate.entity.ts": {"path":"C:\\WorkSpace\\Sistema de Recompensas de la Marina\\bounty-api\\src\\pirates\\entities\\pirate.entity.ts","statementMap":{"0":{"start":{"line":1,"column":0},"end":{"line":1,"column":13}}},"fnMap":{},"branchMap":{},"s":{"0":0},"f":{},"b":{}}
,"C:\\WorkSpace\\Sistema de Recompensas de la Marina\\bounty-api\\src\\pirates\\schemas\\pirate.schema.ts": {"path":"C:\\WorkSpace\\Sistema de Recompensas de la Marina\\bounty-api\\src\\pirates\\schemas\\pirate.schema.ts","statementMap":{"0":{"start":{"line":1,"column":0},"end":{"line":1,"column":63}},"1":{"start":{"line":2,"column":0},"end":{"line":2,"column":36}},"2":{"start":{"line":5,"column":7},"end":{"line":14,"column":null}},"3":{"start":{"line":5,"column":13},"end":{"line":5,"column":19}},"4":{"start":{"line":7,"column":2},"end":{"line":7,"column":null}},"5":{"start":{"line":10,"column":2},"end":{"line":10,"column":null}},"6":{"start":{"line":13,"column":2},"end":{"line":13,"column":null}},"7":{"start":{"line":5,"column":13},"end":{"line":14,"column":null}},"8":{"start":{"line":16,"column":13},"end":{"line":16,"column":65}}},"fnMap":{},"branchMap":{},"s":{"0":2,"1":2,"2":2,"3":2,"4":2,"5":2,"6":2,"7":2,"8":2},"f":{},"b":{}}
}
